# JRE version: Java(TM) SE Runtime Environment (8.0_172-b11) (build 1.8.0_172-b11)
# Java VM: Java HotSpot(TM) 64-Bit Server VM (25.172-b11 mixed mode windows-amd64 compressed oops)
Heap:
 PSYoungGen      total 328704K, used 163067K [0x00000000e0000000, 0x00000000fa000000, 0x0000000100000000)
  eden space 297472K, 47% used [0x00000000e0000000,0x00000000e88a6ed8,0x00000000f2280000)
  from space 31232K, 74% used [0x00000000f4a80000,0x00000000f6118088,0x00000000f6900000)
  to   space 40960K, 0% used [0x00000000f2280000,0x00000000f2280000,0x00000000f4a80000)
 ParOldGen       total 133120K, used 66662K [0x00000000a0000000, 0x00000000a8200000, 0x00000000e0000000)
  object space 133120K, 50% used [0x00000000a0000000,0x00000000a4119ad0,0x00000000a8200000)
 Metaspace       used 92162K, capacity 96130K, committed 96384K, reserved 1132544K
  class space    used 12034K, capacity 12801K, committed 12928K, reserved 1048576K
GC Heap History (10 events):
Event: 96.171 GC heap before
{Heap before GC invocations=19 (full 3):
 PSYoungGen      total 291328K, used 289647K [0x00000000e0000000, 0x00000000f6800000, 0x0000000100000000)
  eden space 273408K, 100% used [0x00000000e0000000,0x00000000f0b00000,0x00000000f0b00000)
  from space 17920K, 90% used [0x00000000f0b00000,0x00000000f1adbc78,0x00000000f1c80000)
  to   space 19456K, 0% used [0x00000000f5500000,0x00000000f5500000,0x00000000f6800000)
 ParOldGen       total 133120K, used 32322K [0x00000000a0000000, 0x00000000a8200000, 0x00000000e0000000)
  object space 133120K, 24% used [0x00000000a0000000,0x00000000a1f90b88,0x00000000a8200000)
 Metaspace       used 71927K, capacity 73978K, committed 74240K, reserved 1114112K
  class space    used 9622K, capacity 10126K, committed 10240K, reserved 1048576K
Event: 96.253 GC heap after
Heap after GC invocations=19 (full 3):
 PSYoungGen      total 341504K, used 19425K [0x00000000e0000000, 0x00000000f7980000, 0x0000000100000000)
  eden space 322048K, 0% used [0x00000000e0000000,0x00000000e0000000,0x00000000f3a80000)
  from space 19456K, 99% used [0x00000000f5500000,0x00000000f67f8570,0x00000000f6800000)
  to   space 27136K, 0% used [0x00000000f3a80000,0x00000000f3a80000,0x00000000f5500000)
 ParOldGen       total 133120K, used 46034K [0x00000000a0000000, 0x00000000a8200000, 0x00000000e0000000)
  object space 133120K, 34% used [0x00000000a0000000,0x00000000a2cf4af8,0x00000000a8200000)
 Metaspace       used 71927K, capacity 73978K, committed 74240K, reserved 1114112K
  class space    used 9622K, capacity 10126K, committed 10240K, reserved 1048576K
}
Event: 1456.011 GC heap before
{Heap before GC invocations=20 (full 3):
 PSYoungGen      total 341504K, used 341473K [0x00000000e0000000, 0x00000000f7980000, 0x0000000100000000)
  eden space 322048K, 100% used [0x00000000e0000000,0x00000000f3a80000,0x00000000f3a80000)
  from space 19456K, 99% used [0x00000000f5500000,0x00000000f67f8570,0x00000000f6800000)
  to   space 27136K, 0% used [0x00000000f3a80000,0x00000000f3a80000,0x00000000f5500000)
 ParOldGen       total 133120K, used 46034K [0x00000000a0000000, 0x00000000a8200000, 0x00000000e0000000)
  object space 133120K, 34% used [0x00000000a0000000,0x00000000a2cf4af8,0x00000000a8200000)
 Metaspace       used 88347K, capacity 92024K, committed 92160K, reserved 1128448K
  class space    used 11769K, capacity 12523K, committed 12544K, reserved 1048576K
Event: 1456.074 GC heap after
Heap after GC invocations=20 (full 3):
 PSYoungGen      total 336896K, used 27116K [0x00000000e0000000, 0x00000000f6f80000, 0x0000000100000000)
  eden space 309760K, 0% used [0x00000000e0000000,0x00000000e0000000,0x00000000f2e80000)
  from space 27136K, 99% used [0x00000000f3a80000,0x00000000f54fb180,0x00000000f5500000)
  to   space 27136K, 0% used [0x00000000f5500000,0x00000000f5500000,0x00000000f6f80000)
 ParOldGen       total 133120K, used 52883K [0x00000000a0000000, 0x00000000a8200000, 0x00000000e0000000)
  object space 133120K, 39% used [0x00000000a0000000,0x00000000a33a4ee0,0x00000000a8200000)
 Metaspace       used 88347K, capacity 92024K, committed 92160K, reserved 1128448K
  class space    used 11769K, capacity 12523K, committed 12544K, reserved 1048576K
}
Event: 1482.320 GC heap before
{Heap before GC invocations=21 (full 3):
 PSYoungGen      total 336896K, used 336876K [0x00000000e0000000, 0x00000000f6f80000, 0x0000000100000000)
  eden space 309760K, 100% used [0x00000000e0000000,0x00000000f2e80000,0x00000000f2e80000)
  from space 27136K, 99% used [0x00000000f3a80000,0x00000000f54fb180,0x00000000f5500000)
  to   space 27136K, 0% used [0x00000000f5500000,0x00000000f5500000,0x00000000f6f80000)
 ParOldGen       total 133120K, used 52883K [0x00000000a0000000, 0x00000000a8200000, 0x00000000e0000000)
  object space 133120K, 39% used [0x00000000a0000000,0x00000000a33a4ee0,0x00000000a8200000)
 Metaspace       used 89907K, capacity 93738K, committed 93824K, reserved 1130496K
  class space    used 11910K, capacity 12668K, committed 12672K, reserved 1048576K
Event: 1482.372 GC heap after
Heap after GC invocations=21 (full 3):
 PSYoungGen      total 325120K, used 27110K [0x00000000e0000000, 0x00000000f6f80000, 0x0000000100000000)
  eden space 297984K, 0% used [0x00000000e0000000,0x00000000e0000000,0x00000000f2300000)
  from space 27136K, 99% used [0x00000000f5500000,0x00000000f6f798f8,0x00000000f6f80000)
  to   space 36352K, 0% used [0x00000000f2880000,0x00000000f2880000,0x00000000f4c00000)
 ParOldGen       total 133120K, used 53660K [0x00000000a0000000, 0x00000000a8200000, 0x00000000e0000000)
  object space 133120K, 40% used [0x00000000a0000000,0x00000000a34671b0,0x00000000a8200000)
 Metaspace       used 89907K, capacity 93738K, committed 93824K, reserved 1130496K
  class space    used 11910K, capacity 12668K, committed 12672K, reserved 1048576K
}
Event: 1488.701 GC heap before
{Heap before GC invocations=22 (full 3):
 PSYoungGen      total 325120K, used 325094K [0x00000000e0000000, 0x00000000f6f80000, 0x0000000100000000)
  eden space 297984K, 100% used [0x00000000e0000000,0x00000000f2300000,0x00000000f2300000)
  from space 27136K, 99% used [0x00000000f5500000,0x00000000f6f798f8,0x00000000f6f80000)
  to   space 36352K, 0% used [0x00000000f2880000,0x00000000f2880000,0x00000000f4c00000)
 ParOldGen       total 133120K, used 53660K [0x00000000a0000000, 0x00000000a8200000, 0x00000000e0000000)
  object space 133120K, 40% used [0x00000000a0000000,0x00000000a34671b0,0x00000000a8200000)
 Metaspace       used 91583K, capacity 95534K, committed 95744K, reserved 1132544K
  class space    used 12007K, capacity 12763K, committed 12800K, reserved 1048576K
Event: 1488.773 GC heap after
Heap after GC invocations=22 (full 3):
 PSYoungGen      total 321536K, used 34752K [0x00000000e0000000, 0x00000000f6900000, 0x0000000100000000)
  eden space 286720K, 0% used [0x00000000e0000000,0x00000000e0000000,0x00000000f1800000)
  from space 34816K, 99% used [0x00000000f2880000,0x00000000f4a703f8,0x00000000f4a80000)
  to   space 31232K, 0% used [0x00000000f4a80000,0x00000000f4a80000,0x00000000f6900000)
 ParOldGen       total 133120K, used 66662K [0x00000000a0000000, 0x00000000a8200000, 0x00000000e0000000)
  object space 133120K, 50% used [0x00000000a0000000,0x00000000a4119ad0,0x00000000a8200000)
 Metaspace       used 91583K, capacity 95534K, committed 95744K, reserved 1132544K
  class space    used 12007K, capacity 12763K, committed 12800K, reserved 1048576K
}
Event: 1492.447 GC heap before
{Heap before GC invocations=23 (full 3):
 PSYoungGen      total 321536K, used 321472K [0x00000000e0000000, 0x00000000f6900000, 0x0000000100000000)
  eden space 286720K, 100% used [0x00000000e0000000,0x00000000f1800000,0x00000000f1800000)
  from space 34816K, 99% used [0x00000000f2880000,0x00000000f4a703f8,0x00000000f4a80000)
  to   space 31232K, 0% used [0x00000000f4a80000,0x00000000f4a80000,0x00000000f6900000)
 ParOldGen       total 133120K, used 66662K [0x00000000a0000000, 0x00000000a8200000, 0x00000000e0000000)
  object space 133120K, 50% used [0x00000000a0000000,0x00000000a4119ad0,0x00000000a8200000)
 Metaspace       used 92099K, capacity 96062K, committed 96384K, reserved 1132544K
  class space    used 12033K, capacity 12801K, committed 12928K, reserved 1048576K
Event: 1492.535 GC heap after
Heap after GC invocations=23 (full 3):
 PSYoungGen      total 328704K, used 23136K [0x00000000e0000000, 0x00000000fa000000, 0x0000000100000000)
  eden space 297472K, 0% used [0x00000000e0000000,0x00000000e0000000,0x00000000f2280000)
  from space 31232K, 74% used [0x00000000f4a80000,0x00000000f6118088,0x00000000f6900000)
  to   space 40960K, 0% used [0x00000000f2280000,0x00000000f2280000,0x00000000f4a80000)
 ParOldGen       total 133120K, used 66662K [0x00000000a0000000, 0x00000000a8200000, 0x00000000e0000000)
  object space 133120K, 50% used [0x00000000a0000000,0x00000000a4119ad0,0x00000000a8200000)
 Metaspace       used 92099K, capacity 96062K, committed 96384K, reserved 1132544K
  class space    used 12033K, capacity 12801K, committed 12928K, reserved 1048576K
}

